<?xml version="1.0" encoding="UTF-8"?>
<!-- Generated by org.testng.reporters.JUnitReportReporter -->
<testsuite hostname="ReadingTestVM" failures="0" tests="1" name="testcases.Login_Invalid_Data" time="16.700" errors="0" timestamp="19 May 2018 22:49:39 GMT" skipped="0">
  <testcase classname="testcases.Login_Invalid_Data" name="f" time="16.700"/>
</testsuite> <!-- testcases.Login_Invalid_Data -->
