<?xml version="1.0" encoding="UTF-8"?>
<!-- Generated by org.testng.reporters.JUnitReportReporter -->
<testsuite skipped="12" hostname="UKLONDLP64" name="testcases.Login_Invalid_Data" tests="13" failures="0" timestamp="01 Jun 2018 17:07:41 GMT" time="88.046" errors="0">
  <testcase name="BrokenLinks" time="88.046" classname="testcases.Login_Invalid_Data"/>
  <testcase name="dragdrop" classname="testcases.Login_Invalid_Data">
    <skipped/>
  </testcase> <!-- dragdrop -->
  <testcase name="config_properties_File_use" classname="testcases.Login_Invalid_Data">
    <skipped/>
  </testcase> <!-- config_properties_File_use -->
  <testcase name="headless_browser" classname="testcases.Login_Invalid_Data">
    <skipped/>
  </testcase> <!-- headless_browser -->
  <testcase name="screenshot" classname="testcases.Login_Invalid_Data">
    <skipped/>
  </testcase> <!-- screenshot -->
  <testcase name="CountLinks" classname="testcases.Login_Invalid_Data">
    <skipped/>
  </testcase> <!-- CountLinks -->
  <testcase name="popuphandling" classname="testcases.Login_Invalid_Data">
    <skipped/>
  </testcase> <!-- popuphandling -->
  <testcase name="DynamicXpath" classname="testcases.Login_Invalid_Data">
    <skipped/>
  </testcase> <!-- DynamicXpath -->
  <testcase name="mousemovemnet" classname="testcases.Login_Invalid_Data">
    <skipped/>
  </testcase> <!-- mousemovemnet -->
  <testcase name="pagenavigation" classname="testcases.Login_Invalid_Data">
    <skipped/>
  </testcase> <!-- pagenavigation -->
  <testcase name="js_executor" classname="testcases.Login_Invalid_Data">
    <skipped/>
  </testcase> <!-- js_executor -->
  <testcase name="ImplicitWait" classname="testcases.Login_Invalid_Data">
    <skipped/>
  </testcase> <!-- ImplicitWait -->
  <testcase name="f" classname="testcases.Login_Invalid_Data">
    <skipped/>
  </testcase> <!-- f -->
</testsuite> <!-- testcases.Login_Invalid_Data -->
