<?xml version="1.0" encoding="UTF-8"?>
<!-- Generated by org.testng.reporters.JUnitReportReporter -->
<testsuite skipped="0" hostname="UKLONDLP64" name="testcases.Login_Invalid_Data" tests="1" failures="0" timestamp="26 May 2018 08:06:29 GMT" time="102.905" errors="0">
  <testcase name="f" time="102.905" classname="testcases.Login_Invalid_Data"/>
</testsuite> <!-- testcases.Login_Invalid_Data -->
