<?xml version="1.0" encoding="UTF-8"?>
<!-- Generated by org.testng.reporters.JUnitReportReporter -->
<testsuite skipped="5" hostname="UKLONDLP64" name="testcases.Login_Invalid_Data" tests="6" failures="0" timestamp="27 May 2018 15:25:59 GMT" time="41.343" errors="0">
  <testcase name="CountLinks" time="41.343" classname="testcases.Login_Invalid_Data"/>
  <testcase name="dragdrop" classname="testcases.Login_Invalid_Data">
    <skipped/>
  </testcase> <!-- dragdrop -->
  <testcase name="DynamicXpath" classname="testcases.Login_Invalid_Data">
    <skipped/>
  </testcase> <!-- DynamicXpath -->
  <testcase name="mousemovemnet" classname="testcases.Login_Invalid_Data">
    <skipped/>
  </testcase> <!-- mousemovemnet -->
  <testcase name="ImplicitWait" classname="testcases.Login_Invalid_Data">
    <skipped/>
  </testcase> <!-- ImplicitWait -->
  <testcase name="f" classname="testcases.Login_Invalid_Data">
    <skipped/>
  </testcase> <!-- f -->
</testsuite> <!-- testcases.Login_Invalid_Data -->
