<?xml version="1.0" encoding="UTF-8"?>
<!-- Generated by org.testng.reporters.JUnitReportReporter -->
<testsuite skipped="1" hostname="UKLONDLP64" name="testcases.Login_Invalid_Data" tests="2" failures="0" timestamp="27 May 2018 12:19:10 GMT" time="36.251" errors="0">
  <testcase name="mousemovemnet" time="36.251" classname="testcases.Login_Invalid_Data"/>
  <testcase name="f" classname="testcases.Login_Invalid_Data">
    <skipped/>
  </testcase> <!-- f -->
</testsuite> <!-- testcases.Login_Invalid_Data -->
