<?xml version="1.0" encoding="UTF-8"?>
<!-- Generated by org.testng.reporters.JUnitReportReporter -->
<testsuite skipped="7" hostname="UKLONDLP64" name="testcases.Login_Invalid_Data" tests="9" failures="0" timestamp="27 May 2018 18:05:38 GMT" time="45.565" errors="0">
  <testcase name="ImplicitWait" time="25.174" classname="testcases.Login_Invalid_Data"/>
  <testcase name="beforeMethod" time="20.391" classname="testcases.Login_Invalid_Data"/>
  <testcase name="dragdrop" classname="testcases.Login_Invalid_Data">
    <skipped/>
  </testcase> <!-- dragdrop -->
  <testcase name="screenshot" classname="testcases.Login_Invalid_Data">
    <skipped/>
  </testcase> <!-- screenshot -->
  <testcase name="CountLinks" classname="testcases.Login_Invalid_Data">
    <skipped/>
  </testcase> <!-- CountLinks -->
  <testcase name="DynamicXpath" classname="testcases.Login_Invalid_Data">
    <skipped/>
  </testcase> <!-- DynamicXpath -->
  <testcase name="mousemovemnet" classname="testcases.Login_Invalid_Data">
    <skipped/>
  </testcase> <!-- mousemovemnet -->
  <testcase name="pagenavigation" classname="testcases.Login_Invalid_Data">
    <skipped/>
  </testcase> <!-- pagenavigation -->
  <testcase name="f" classname="testcases.Login_Invalid_Data">
    <skipped/>
  </testcase> <!-- f -->
</testsuite> <!-- testcases.Login_Invalid_Data -->
