<?xml version="1.0" encoding="UTF-8"?>
<!-- Generated by org.testng.reporters.JUnitReportReporter -->
<testsuite skipped="0" hostname="UKLONDLP64" name="testcases.Login_Invalid_Data" tests="1" failures="0" timestamp="26 May 2018 11:42:50 GMT" time="124.783" errors="0">
  <testcase name="f" time="124.783" classname="testcases.Login_Invalid_Data"/>
</testsuite> <!-- testcases.Login_Invalid_Data -->
