<?xml version="1.0" encoding="UTF-8"?>
<!-- Generated by org.testng.reporters.JUnitReportReporter -->
<testsuite skipped="15" hostname="UKLONDLP64" name="testcases.Login_Invalid_Data" tests="16" failures="0" timestamp="21 Jun 2018 18:30:58 GMT" time="19.072" errors="0">
  <testcase name="dynamicxpath" time="19.072" classname="testcases.Login_Invalid_Data"/>
  <testcase name="headless_browser" classname="testcases.Login_Invalid_Data">
    <skipped/>
  </testcase> <!-- headless_browser -->
  <testcase name="screenshot" classname="testcases.Login_Invalid_Data">
    <skipped/>
  </testcase> <!-- screenshot -->
  <testcase name="dynamictablehanlding" classname="testcases.Login_Invalid_Data">
    <skipped/>
  </testcase> <!-- dynamictablehanlding -->
  <testcase name="mousemovemnet" classname="testcases.Login_Invalid_Data">
    <skipped/>
  </testcase> <!-- mousemovemnet -->
  <testcase name="pagenavigation" classname="testcases.Login_Invalid_Data">
    <skipped/>
  </testcase> <!-- pagenavigation -->
  <testcase name="ImplicitWait" classname="testcases.Login_Invalid_Data">
    <skipped/>
  </testcase> <!-- ImplicitWait -->
  <testcase name="f" classname="testcases.Login_Invalid_Data">
    <skipped/>
  </testcase> <!-- f -->
  <testcase name="dragdrop" classname="testcases.Login_Invalid_Data">
    <skipped/>
  </testcase> <!-- dragdrop -->
  <testcase name="config_properties_File_use" classname="testcases.Login_Invalid_Data">
    <skipped/>
  </testcase> <!-- config_properties_File_use -->
  <testcase name="CountLinks" classname="testcases.Login_Invalid_Data">
    <skipped/>
  </testcase> <!-- CountLinks -->
  <testcase name="popuphandling" classname="testcases.Login_Invalid_Data">
    <skipped/>
  </testcase> <!-- popuphandling -->
  <testcase name="BrokenLinks" classname="testcases.Login_Invalid_Data">
    <skipped/>
  </testcase> <!-- BrokenLinks -->
  <testcase name="DynamicXpath" classname="testcases.Login_Invalid_Data">
    <skipped/>
  </testcase> <!-- DynamicXpath -->
  <testcase name="js_executor" classname="testcases.Login_Invalid_Data">
    <skipped/>
  </testcase> <!-- js_executor -->
  <testcase name="display_enable_selected" classname="testcases.Login_Invalid_Data">
    <skipped/>
  </testcase> <!-- display_enable_selected -->
</testsuite> <!-- testcases.Login_Invalid_Data -->
