<?xml version="1.0" encoding="UTF-8"?>
<!-- Generated by org.testng.reporters.JUnitReportReporter -->
<testsuite skipped="4" hostname="UKLONDLP64" name="testcases.Login_Invalid_Data" tests="5" failures="0" timestamp="27 May 2018 15:01:09 GMT" time="28.425" errors="0">
  <testcase name="DynamicXpath" time="28.425" classname="testcases.Login_Invalid_Data"/>
  <testcase name="dragdrop" classname="testcases.Login_Invalid_Data">
    <skipped/>
  </testcase> <!-- dragdrop -->
  <testcase name="mousemovemnet" classname="testcases.Login_Invalid_Data">
    <skipped/>
  </testcase> <!-- mousemovemnet -->
  <testcase name="ImplicitWait" classname="testcases.Login_Invalid_Data">
    <skipped/>
  </testcase> <!-- ImplicitWait -->
  <testcase name="f" classname="testcases.Login_Invalid_Data">
    <skipped/>
  </testcase> <!-- f -->
</testsuite> <!-- testcases.Login_Invalid_Data -->
