<?xml version="1.0" encoding="UTF-8"?>
<!-- Generated by org.testng.reporters.JUnitReportReporter -->
<testsuite skipped="8" hostname="UKLONDLP64" name="testcases.Login_Invalid_Data" tests="9" failures="0" timestamp="28 May 2018 13:40:59 GMT" time="13.172" errors="0">
  <testcase name="popuphandling" time="13.172" classname="testcases.Login_Invalid_Data"/>
  <testcase name="dragdrop" classname="testcases.Login_Invalid_Data">
    <skipped/>
  </testcase> <!-- dragdrop -->
  <testcase name="screenshot" classname="testcases.Login_Invalid_Data">
    <skipped/>
  </testcase> <!-- screenshot -->
  <testcase name="CountLinks" classname="testcases.Login_Invalid_Data">
    <skipped/>
  </testcase> <!-- CountLinks -->
  <testcase name="DynamicXpath" classname="testcases.Login_Invalid_Data">
    <skipped/>
  </testcase> <!-- DynamicXpath -->
  <testcase name="mousemovemnet" classname="testcases.Login_Invalid_Data">
    <skipped/>
  </testcase> <!-- mousemovemnet -->
  <testcase name="pagenavigation" classname="testcases.Login_Invalid_Data">
    <skipped/>
  </testcase> <!-- pagenavigation -->
  <testcase name="ImplicitWait" classname="testcases.Login_Invalid_Data">
    <skipped/>
  </testcase> <!-- ImplicitWait -->
  <testcase name="f" classname="testcases.Login_Invalid_Data">
    <skipped/>
  </testcase> <!-- f -->
</testsuite> <!-- testcases.Login_Invalid_Data -->
