<?xml version="1.0" encoding="UTF-8"?>
<!-- Generated by org.testng.reporters.JUnitReportReporter -->
<testsuite skipped="2" hostname="UKLONDLP64" name="testcases.Login_Invalid_Data" tests="3" failures="0" timestamp="27 May 2018 12:34:53 GMT" time="13.815" errors="0">
  <testcase name="dragdrop" time="13.815" classname="testcases.Login_Invalid_Data"/>
  <testcase name="mousemovemnet" classname="testcases.Login_Invalid_Data">
    <skipped/>
  </testcase> <!-- mousemovemnet -->
  <testcase name="f" classname="testcases.Login_Invalid_Data">
    <skipped/>
  </testcase> <!-- f -->
</testsuite> <!-- testcases.Login_Invalid_Data -->
