<?xml version="1.0" encoding="UTF-8"?>
<!-- Generated by org.testng.reporters.JUnitReportReporter -->
<testsuite skipped="3" hostname="UKLONDLP64" name="testcases.Login_Invalid_Data" tests="4" failures="0" timestamp="27 May 2018 12:50:05 GMT" time="14.554" errors="0">
  <testcase name="ImplicitWait" time="14.554" classname="testcases.Login_Invalid_Data"/>
  <testcase name="dragdrop" classname="testcases.Login_Invalid_Data">
    <skipped/>
  </testcase> <!-- dragdrop -->
  <testcase name="mousemovemnet" classname="testcases.Login_Invalid_Data">
    <skipped/>
  </testcase> <!-- mousemovemnet -->
  <testcase name="f" classname="testcases.Login_Invalid_Data">
    <skipped/>
  </testcase> <!-- f -->
</testsuite> <!-- testcases.Login_Invalid_Data -->
